<?xml version="1.0" encoding="utf-8" ?>
<!DOCTYPE html PUBLIC "-//W3C//DTD XHTML 1.0 Strict//EN"
        "http://www.w3.org/TR/xhtml1/DTD/xhtml1-strict.dtd">
<html xmlns="http://www.w3.org/1999/xhtml" xml:lang="" lang="">
<head>
  <title>Test Results Report - Test</title>
  <meta http-equiv="Content-Type" content="text/html;charset=utf-8" />
  <meta name="description" content="TestNG unit test results." />
  <link href="reportng.css" rel="stylesheet" type="text/css" />
    <script type="text/javascript" src="reportng.js"></script>
</head>
<body>
<h1>Test</h1>
<p>
  Test duration: 294.427s
</p>



  <table class="resultsTable">
    <tr><th colspan="3" class="header failed">Failed Tests</th></tr>
          <tr>
        <td colspan="3" class="group">caseOfTest.GenericScrapeDataTest</td>
      </tr>
            
<tr>
  <td class="method">
                  retrieveQuote
      </td>
  <td class="duration">
    0.002s
  </td>
  <td class="result">
        
          <i>Method arguments: </i><span class="arguments">[[Ljava.lang.String;@2a7b6f69</span><br />
    
            <div class="testOutput">
                         test has started
                                <br>
                                retrieveQuote has failed
                                <br>
                                <a target="blank" href=C:\Datum\workspace\ComMan\src\test\resources\screenshots\Thu_Nov_22_17_32_53_IST_2018.jpg>Screenshot </a>
                                <br>
                  </div>
    

        <a href="javascript:toggleElement('exception-0', 'block')" title="Click to expand/collapse"><b>java.lang.NumberFormatException: For input string: &quot;Q_OSC_1001_UPGRADE_CM&quot;</b></a><br />
    <div class="stackTrace" id="exception-0">
              java.lang.NumberFormatException.forInputString(Unknown Source)<br />
              java.lang.Integer.parseInt(Unknown Source)<br />
              java.lang.Integer.parseInt(Unknown Source)<br />
              caseOfTest.GenericScrapeDataTest.retrieveQuote(GenericScrapeDataTest.java:68)<br />
              sun.reflect.NativeMethodAccessorImpl.invoke0(Native Method)<br />
              sun.reflect.NativeMethodAccessorImpl.invoke(Unknown Source)<br />
              sun.reflect.DelegatingMethodAccessorImpl.invoke(Unknown Source)<br />
              java.lang.reflect.Method.invoke(Unknown Source)<br />
              org.testng.internal.MethodInvocationHelper.invokeMethod(MethodInvocationHelper.java:124)<br />
              org.testng.internal.Invoker.invokeMethod(Invoker.java:580)<br />
              org.testng.internal.Invoker.invokeTestMethod(Invoker.java:716)<br />
              org.testng.internal.Invoker.invokeTestMethods(Invoker.java:988)<br />
              org.testng.internal.TestMethodWorker.invokeTestMethods(TestMethodWorker.java:125)<br />
              org.testng.internal.TestMethodWorker.run(TestMethodWorker.java:109)<br />
              org.testng.TestRunner.privateRun(TestRunner.java:648)<br />
              org.testng.TestRunner.run(TestRunner.java:505)<br />
              org.testng.SuiteRunner.runTest(SuiteRunner.java:455)<br />
              org.testng.SuiteRunner.runSequentially(SuiteRunner.java:450)<br />
              org.testng.SuiteRunner.privateRun(SuiteRunner.java:415)<br />
              org.testng.SuiteRunner.run(SuiteRunner.java:364)<br />
              org.testng.SuiteRunnerWorker.runSuite(SuiteRunnerWorker.java:52)<br />
              org.testng.SuiteRunnerWorker.run(SuiteRunnerWorker.java:84)<br />
              org.testng.TestNG.runSuitesSequentially(TestNG.java:1208)<br />
              org.testng.TestNG.runSuitesLocally(TestNG.java:1137)<br />
              org.testng.TestNG.runSuites(TestNG.java:1049)<br />
              org.testng.TestNG.run(TestNG.java:1017)<br />
              org.testng.remote.AbstractRemoteTestNG.run(AbstractRemoteTestNG.java:114)<br />
              org.testng.remote.RemoteTestNG.initAndRun(RemoteTestNG.java:251)<br />
              org.testng.remote.RemoteTestNG.main(RemoteTestNG.java:77)<br />
                </div>
      </td>
</tr>
<tr>
  <td class="method">
                  retrieveQuote
      </td>
  <td class="duration">
    0.002s
  </td>
  <td class="result">
        
          <i>Method arguments: </i><span class="arguments">[[Ljava.lang.String;@36ac8a63</span><br />
    
            <div class="testOutput">
                         test has started
                                <br>
                                retrieveQuote has failed
                                <br>
                                <a target="blank" href=C:\Datum\workspace\ComMan\src\test\resources\screenshots\Thu_Nov_22_17_32_53_IST_2018.jpg>Screenshot </a>
                                <br>
                  </div>
    

        <a href="javascript:toggleElement('exception-1', 'block')" title="Click to expand/collapse"><b>java.lang.NumberFormatException: For input string: &quot;Q_OSC_2001_UPGRADE_CM&quot;</b></a><br />
    <div class="stackTrace" id="exception-1">
              java.lang.NumberFormatException.forInputString(Unknown Source)<br />
              java.lang.Integer.parseInt(Unknown Source)<br />
              java.lang.Integer.parseInt(Unknown Source)<br />
              caseOfTest.GenericScrapeDataTest.retrieveQuote(GenericScrapeDataTest.java:68)<br />
              sun.reflect.NativeMethodAccessorImpl.invoke0(Native Method)<br />
              sun.reflect.NativeMethodAccessorImpl.invoke(Unknown Source)<br />
              sun.reflect.DelegatingMethodAccessorImpl.invoke(Unknown Source)<br />
              java.lang.reflect.Method.invoke(Unknown Source)<br />
              org.testng.internal.MethodInvocationHelper.invokeMethod(MethodInvocationHelper.java:124)<br />
              org.testng.internal.Invoker.invokeMethod(Invoker.java:580)<br />
              org.testng.internal.Invoker.invokeTestMethod(Invoker.java:716)<br />
              org.testng.internal.Invoker.invokeTestMethods(Invoker.java:988)<br />
              org.testng.internal.TestMethodWorker.invokeTestMethods(TestMethodWorker.java:125)<br />
              org.testng.internal.TestMethodWorker.run(TestMethodWorker.java:109)<br />
              org.testng.TestRunner.privateRun(TestRunner.java:648)<br />
              org.testng.TestRunner.run(TestRunner.java:505)<br />
              org.testng.SuiteRunner.runTest(SuiteRunner.java:455)<br />
              org.testng.SuiteRunner.runSequentially(SuiteRunner.java:450)<br />
              org.testng.SuiteRunner.privateRun(SuiteRunner.java:415)<br />
              org.testng.SuiteRunner.run(SuiteRunner.java:364)<br />
              org.testng.SuiteRunnerWorker.runSuite(SuiteRunnerWorker.java:52)<br />
              org.testng.SuiteRunnerWorker.run(SuiteRunnerWorker.java:84)<br />
              org.testng.TestNG.runSuitesSequentially(TestNG.java:1208)<br />
              org.testng.TestNG.runSuitesLocally(TestNG.java:1137)<br />
              org.testng.TestNG.runSuites(TestNG.java:1049)<br />
              org.testng.TestNG.run(TestNG.java:1017)<br />
              org.testng.remote.AbstractRemoteTestNG.run(AbstractRemoteTestNG.java:114)<br />
              org.testng.remote.RemoteTestNG.initAndRun(RemoteTestNG.java:251)<br />
              org.testng.remote.RemoteTestNG.main(RemoteTestNG.java:77)<br />
                </div>
      </td>
</tr>
<tr>
  <td class="method">
                  retrieveQuote
      </td>
  <td class="duration">
    0.003s
  </td>
  <td class="result">
        
          <i>Method arguments: </i><span class="arguments">[[Ljava.lang.String;@4d9d1b69</span><br />
    
            <div class="testOutput">
                         test has started
                                <br>
                                retrieveQuote has failed
                                <br>
                                <a target="blank" href=C:\Datum\workspace\ComMan\src\test\resources\screenshots\Thu_Nov_22_17_37_19_IST_2018.jpg>Screenshot </a>
                                <br>
                  </div>
    

        <a href="javascript:toggleElement('exception-2', 'block')" title="Click to expand/collapse"><b>java.lang.NumberFormatException: For input string: &quot;Q_OSC_1005_UPGRADE_CM&quot;</b></a><br />
    <div class="stackTrace" id="exception-2">
              java.lang.NumberFormatException.forInputString(Unknown Source)<br />
              java.lang.Integer.parseInt(Unknown Source)<br />
              java.lang.Integer.parseInt(Unknown Source)<br />
              caseOfTest.GenericScrapeDataTest.retrieveQuote(GenericScrapeDataTest.java:68)<br />
              sun.reflect.NativeMethodAccessorImpl.invoke0(Native Method)<br />
              sun.reflect.NativeMethodAccessorImpl.invoke(Unknown Source)<br />
              sun.reflect.DelegatingMethodAccessorImpl.invoke(Unknown Source)<br />
              java.lang.reflect.Method.invoke(Unknown Source)<br />
              org.testng.internal.MethodInvocationHelper.invokeMethod(MethodInvocationHelper.java:124)<br />
              org.testng.internal.Invoker.invokeMethod(Invoker.java:580)<br />
              org.testng.internal.Invoker.invokeTestMethod(Invoker.java:716)<br />
              org.testng.internal.Invoker.invokeTestMethods(Invoker.java:988)<br />
              org.testng.internal.TestMethodWorker.invokeTestMethods(TestMethodWorker.java:125)<br />
              org.testng.internal.TestMethodWorker.run(TestMethodWorker.java:109)<br />
              org.testng.TestRunner.privateRun(TestRunner.java:648)<br />
              org.testng.TestRunner.run(TestRunner.java:505)<br />
              org.testng.SuiteRunner.runTest(SuiteRunner.java:455)<br />
              org.testng.SuiteRunner.runSequentially(SuiteRunner.java:450)<br />
              org.testng.SuiteRunner.privateRun(SuiteRunner.java:415)<br />
              org.testng.SuiteRunner.run(SuiteRunner.java:364)<br />
              org.testng.SuiteRunnerWorker.runSuite(SuiteRunnerWorker.java:52)<br />
              org.testng.SuiteRunnerWorker.run(SuiteRunnerWorker.java:84)<br />
              org.testng.TestNG.runSuitesSequentially(TestNG.java:1208)<br />
              org.testng.TestNG.runSuitesLocally(TestNG.java:1137)<br />
              org.testng.TestNG.runSuites(TestNG.java:1049)<br />
              org.testng.TestNG.run(TestNG.java:1017)<br />
              org.testng.remote.AbstractRemoteTestNG.run(AbstractRemoteTestNG.java:114)<br />
              org.testng.remote.RemoteTestNG.initAndRun(RemoteTestNG.java:251)<br />
              org.testng.remote.RemoteTestNG.main(RemoteTestNG.java:77)<br />
                </div>
      </td>
</tr>
<tr>
  <td class="method">
                  retrieveQuote
      </td>
  <td class="duration">
    0.002s
  </td>
  <td class="result">
        
          <i>Method arguments: </i><span class="arguments">[[Ljava.lang.String;@251f7d26</span><br />
    
            <div class="testOutput">
                         test has started
                                <br>
                                retrieveQuote has failed
                                <br>
                                <a target="blank" href=C:\Datum\workspace\ComMan\src\test\resources\screenshots\Thu_Nov_22_17_37_19_IST_2018.jpg>Screenshot </a>
                                <br>
                  </div>
    

        <a href="javascript:toggleElement('exception-3', 'block')" title="Click to expand/collapse"><b>java.lang.NumberFormatException: For input string: &quot;Q_OSC_1006_UPGRADE_CM&quot;</b></a><br />
    <div class="stackTrace" id="exception-3">
              java.lang.NumberFormatException.forInputString(Unknown Source)<br />
              java.lang.Integer.parseInt(Unknown Source)<br />
              java.lang.Integer.parseInt(Unknown Source)<br />
              caseOfTest.GenericScrapeDataTest.retrieveQuote(GenericScrapeDataTest.java:68)<br />
              sun.reflect.NativeMethodAccessorImpl.invoke0(Native Method)<br />
              sun.reflect.NativeMethodAccessorImpl.invoke(Unknown Source)<br />
              sun.reflect.DelegatingMethodAccessorImpl.invoke(Unknown Source)<br />
              java.lang.reflect.Method.invoke(Unknown Source)<br />
              org.testng.internal.MethodInvocationHelper.invokeMethod(MethodInvocationHelper.java:124)<br />
              org.testng.internal.Invoker.invokeMethod(Invoker.java:580)<br />
              org.testng.internal.Invoker.invokeTestMethod(Invoker.java:716)<br />
              org.testng.internal.Invoker.invokeTestMethods(Invoker.java:988)<br />
              org.testng.internal.TestMethodWorker.invokeTestMethods(TestMethodWorker.java:125)<br />
              org.testng.internal.TestMethodWorker.run(TestMethodWorker.java:109)<br />
              org.testng.TestRunner.privateRun(TestRunner.java:648)<br />
              org.testng.TestRunner.run(TestRunner.java:505)<br />
              org.testng.SuiteRunner.runTest(SuiteRunner.java:455)<br />
              org.testng.SuiteRunner.runSequentially(SuiteRunner.java:450)<br />
              org.testng.SuiteRunner.privateRun(SuiteRunner.java:415)<br />
              org.testng.SuiteRunner.run(SuiteRunner.java:364)<br />
              org.testng.SuiteRunnerWorker.runSuite(SuiteRunnerWorker.java:52)<br />
              org.testng.SuiteRunnerWorker.run(SuiteRunnerWorker.java:84)<br />
              org.testng.TestNG.runSuitesSequentially(TestNG.java:1208)<br />
              org.testng.TestNG.runSuitesLocally(TestNG.java:1137)<br />
              org.testng.TestNG.runSuites(TestNG.java:1049)<br />
              org.testng.TestNG.run(TestNG.java:1017)<br />
              org.testng.remote.AbstractRemoteTestNG.run(AbstractRemoteTestNG.java:114)<br />
              org.testng.remote.RemoteTestNG.initAndRun(RemoteTestNG.java:251)<br />
              org.testng.remote.RemoteTestNG.main(RemoteTestNG.java:77)<br />
                </div>
      </td>
</tr>
<tr>
  <td class="method">
                  retrieveQuote
      </td>
  <td class="duration">
    0.002s
  </td>
  <td class="result">
        
          <i>Method arguments: </i><span class="arguments">[[Ljava.lang.String;@52d10fb8</span><br />
    
            <div class="testOutput">
                         test has started
                                <br>
                                retrieveQuote has failed
                                <br>
                                <a target="blank" href=C:\Datum\workspace\ComMan\src\test\resources\screenshots\Thu_Nov_22_17_32_53_IST_2018.jpg>Screenshot </a>
                                <br>
                  </div>
    

        <a href="javascript:toggleElement('exception-4', 'block')" title="Click to expand/collapse"><b>java.lang.NumberFormatException: For input string: &quot;Q_OSC_1002_UPGRADE_CM&quot;</b></a><br />
    <div class="stackTrace" id="exception-4">
              java.lang.NumberFormatException.forInputString(Unknown Source)<br />
              java.lang.Integer.parseInt(Unknown Source)<br />
              java.lang.Integer.parseInt(Unknown Source)<br />
              caseOfTest.GenericScrapeDataTest.retrieveQuote(GenericScrapeDataTest.java:68)<br />
              sun.reflect.NativeMethodAccessorImpl.invoke0(Native Method)<br />
              sun.reflect.NativeMethodAccessorImpl.invoke(Unknown Source)<br />
              sun.reflect.DelegatingMethodAccessorImpl.invoke(Unknown Source)<br />
              java.lang.reflect.Method.invoke(Unknown Source)<br />
              org.testng.internal.MethodInvocationHelper.invokeMethod(MethodInvocationHelper.java:124)<br />
              org.testng.internal.Invoker.invokeMethod(Invoker.java:580)<br />
              org.testng.internal.Invoker.invokeTestMethod(Invoker.java:716)<br />
              org.testng.internal.Invoker.invokeTestMethods(Invoker.java:988)<br />
              org.testng.internal.TestMethodWorker.invokeTestMethods(TestMethodWorker.java:125)<br />
              org.testng.internal.TestMethodWorker.run(TestMethodWorker.java:109)<br />
              org.testng.TestRunner.privateRun(TestRunner.java:648)<br />
              org.testng.TestRunner.run(TestRunner.java:505)<br />
              org.testng.SuiteRunner.runTest(SuiteRunner.java:455)<br />
              org.testng.SuiteRunner.runSequentially(SuiteRunner.java:450)<br />
              org.testng.SuiteRunner.privateRun(SuiteRunner.java:415)<br />
              org.testng.SuiteRunner.run(SuiteRunner.java:364)<br />
              org.testng.SuiteRunnerWorker.runSuite(SuiteRunnerWorker.java:52)<br />
              org.testng.SuiteRunnerWorker.run(SuiteRunnerWorker.java:84)<br />
              org.testng.TestNG.runSuitesSequentially(TestNG.java:1208)<br />
              org.testng.TestNG.runSuitesLocally(TestNG.java:1137)<br />
              org.testng.TestNG.runSuites(TestNG.java:1049)<br />
              org.testng.TestNG.run(TestNG.java:1017)<br />
              org.testng.remote.AbstractRemoteTestNG.run(AbstractRemoteTestNG.java:114)<br />
              org.testng.remote.RemoteTestNG.initAndRun(RemoteTestNG.java:251)<br />
              org.testng.remote.RemoteTestNG.main(RemoteTestNG.java:77)<br />
                </div>
      </td>
</tr>
      </table>


  <table class="resultsTable">
    <tr><th colspan="3" class="header passed">Passed Tests</th></tr>
          <tr>
        <td colspan="3" class="group">caseOfTest.GenericScrapeDataTest</td>
      </tr>
            
<tr>
  <td class="method">
                  loginCheck
      </td>
  <td class="duration">
    7.068s
  </td>
  <td class="result">
        
    
            <div class="testOutput">
                         test has started
                                <br>
                                hswaroopkato is typed into //input[@id='email']
                                <br>
                                Avaya123 is typed into //input[@id='password']
                                <br>
                                //input[@name='Submit']  is clicked
                                <br>
                                Succesfully logged in.
                                <br>
                                //a[contains(text(),'Design/Quote')] is clicked
                                <br>
                                //a[contains(text(),'A1S Configurator')] is clicked
                                <br>
                                //a[contains(text(),'Retrieve by ID')] is clicked
                                <br>
                                loginCheck has passed
                                <br>
                                <a target="blank" href=C:\Datum\workspace\ComMan\src\test\resources\screenshots\Thu_Nov_22_17_32_52_IST_2018.jpg>Screenshot </a>
                                <br>
                  </div>
    

      </td>
</tr>
<tr>
  <td class="method">
                  retrieveQuote
      </td>
  <td class="duration">
    129.400s
  </td>
  <td class="result">
        
          <i>Method arguments: </i><span class="arguments">[[Ljava.lang.String;@46cf05f7</span><br />
    
            <div class="testOutput">
                         test has started
                                <br>
                                TUS1243402 is typed into //input[@id='MasterControl_PageContent_txtQuoteID']
                                <br>
                                //input[@id='MasterControl_PageContent_btnSearch'] is clicked
                                <br>
                                //span[contains(text(),'QUOTE ACTIONS')] is clicked
                                <br>
                                //div[contains(text(),'Modify')] is clicked
                                <br>
                                Navigated to the Create Quote Page
                                <br>
                                (//div[contains(text(),'Location Manager')])[1]/following-sibling::div[1] is clicked
                                <br>
                                //div[contains(text(),'Existing Platform')][contains(@class,'clr')] is clicked
                                <br>
                                Element is enabled
                                <br>
                                Element is enabled
                                <br>
                                Element is enabled
                                <br>
                                Element is enabled
                                <br>
                                Element is enabled
                                <br>
                                retrieveQuote has passed
                                <br>
                                <a target="blank" href=C:\Datum\workspace\ComMan\src\test\resources\screenshots\Thu_Nov_22_17_37_18_IST_2018.jpg>Screenshot </a>
                                <br>
                  </div>
    

      </td>
</tr>
<tr>
  <td class="method">
                  retrieveQuote
      </td>
  <td class="duration">
    134.786s
  </td>
  <td class="result">
        
          <i>Method arguments: </i><span class="arguments">[[Ljava.lang.String;@5851bd4f</span><br />
    
            <div class="testOutput">
                         test has started
                                <br>
                                TUS1244035 is typed into //input[@id='MasterControl_PageContent_txtQuoteID']
                                <br>
                                //input[@id='MasterControl_PageContent_btnSearch'] is clicked
                                <br>
                                //span[contains(text(),'QUOTE ACTIONS')] is clicked
                                <br>
                                //div[contains(text(),'Modify')] is clicked
                                <br>
                                Navigated to the Create Quote Page
                                <br>
                                (//div[contains(text(),'Location Manager')])[1]/following-sibling::div[1] is clicked
                                <br>
                                //div[contains(text(),'Existing Platform')][contains(@class,'clr')] is clicked
                                <br>
                                Element is enabled
                                <br>
                                Element is enabled
                                <br>
                                Element is enabled
                                <br>
                                Element is enabled
                                <br>
                                Element is enabled
                                <br>
                                retrieveQuote has passed
                                <br>
                                <a target="blank" href=C:\Datum\workspace\ComMan\src\test\resources\screenshots\Thu_Nov_22_17_35_09_IST_2018.jpg>Screenshot </a>
                                <br>
                  </div>
    

      </td>
</tr>
      </table>
  
</body>
</html>
