<?xml version="1.0" encoding="UTF-8"?>
<testsuite name="Test"
           tests="38"
           failures="7"
           errors="0"
           skipped="0"
           time="1128.994">
  <properties />
            <testcase name="findingMissingFields" time="38.360" classname="caseOfTest.MissingFieldsTest">
                <failure type="java.lang.StringIndexOutOfBoundsException"
                  message="String index out of range: 68"
              >
<![CDATA[java.lang.StringIndexOutOfBoundsException: String index out of range: 68
  java.lang.String.substring(Unknown Source)
  caseOfTest.MissingFieldsTest.findingMissingFields(MissingFieldsTest.java:358)
  sun.reflect.NativeMethodAccessorImpl.invoke0(Native Method)
  sun.reflect.NativeMethodAccessorImpl.invoke(Unknown Source)
  sun.reflect.DelegatingMethodAccessorImpl.invoke(Unknown Source)
  java.lang.reflect.Method.invoke(Unknown Source)
  org.testng.internal.MethodInvocationHelper.invokeMethod(MethodInvocationHelper.java:124)
  org.testng.internal.Invoker.invokeMethod(Invoker.java:580)
  org.testng.internal.Invoker.invokeTestMethod(Invoker.java:716)
  org.testng.internal.Invoker.invokeTestMethods(Invoker.java:988)
  org.testng.internal.TestMethodWorker.invokeTestMethods(TestMethodWorker.java:125)
  org.testng.internal.TestMethodWorker.run(TestMethodWorker.java:109)
  org.testng.TestRunner.privateRun(TestRunner.java:648)
  org.testng.TestRunner.run(TestRunner.java:505)
  org.testng.SuiteRunner.runTest(SuiteRunner.java:455)
  org.testng.SuiteRunner.runSequentially(SuiteRunner.java:450)
  org.testng.SuiteRunner.privateRun(SuiteRunner.java:415)
  org.testng.SuiteRunner.run(SuiteRunner.java:364)
  org.testng.SuiteRunnerWorker.runSuite(SuiteRunnerWorker.java:52)
  org.testng.SuiteRunnerWorker.run(SuiteRunnerWorker.java:84)
  org.testng.TestNG.runSuitesSequentially(TestNG.java:1208)
  org.testng.TestNG.runSuitesLocally(TestNG.java:1137)
  org.testng.TestNG.runSuites(TestNG.java:1049)
  org.testng.TestNG.run(TestNG.java:1017)
  org.testng.remote.AbstractRemoteTestNG.run(AbstractRemoteTestNG.java:114)
  org.testng.remote.RemoteTestNG.initAndRun(RemoteTestNG.java:251)
  org.testng.remote.RemoteTestNG.main(RemoteTestNG.java:77)
]]>
      </failure>

          </testcase>
            <testcase name="findingMissingFields" time="8.617" classname="caseOfTest.MissingFieldsTest">
                <failure type="java.lang.StringIndexOutOfBoundsException"
                  message="String index out of range: 48"
              >
<![CDATA[java.lang.StringIndexOutOfBoundsException: String index out of range: 48
  java.lang.String.substring(Unknown Source)
  caseOfTest.MissingFieldsTest.findingMissingFields(MissingFieldsTest.java:358)
  sun.reflect.GeneratedMethodAccessor37.invoke(Unknown Source)
  sun.reflect.DelegatingMethodAccessorImpl.invoke(Unknown Source)
  java.lang.reflect.Method.invoke(Unknown Source)
  org.testng.internal.MethodInvocationHelper.invokeMethod(MethodInvocationHelper.java:124)
  org.testng.internal.Invoker.invokeMethod(Invoker.java:580)
  org.testng.internal.Invoker.invokeTestMethod(Invoker.java:716)
  org.testng.internal.Invoker.invokeTestMethods(Invoker.java:988)
  org.testng.internal.TestMethodWorker.invokeTestMethods(TestMethodWorker.java:125)
  org.testng.internal.TestMethodWorker.run(TestMethodWorker.java:109)
  org.testng.TestRunner.privateRun(TestRunner.java:648)
  org.testng.TestRunner.run(TestRunner.java:505)
  org.testng.SuiteRunner.runTest(SuiteRunner.java:455)
  org.testng.SuiteRunner.runSequentially(SuiteRunner.java:450)
  org.testng.SuiteRunner.privateRun(SuiteRunner.java:415)
  org.testng.SuiteRunner.run(SuiteRunner.java:364)
  org.testng.SuiteRunnerWorker.runSuite(SuiteRunnerWorker.java:52)
  org.testng.SuiteRunnerWorker.run(SuiteRunnerWorker.java:84)
  org.testng.TestNG.runSuitesSequentially(TestNG.java:1208)
  org.testng.TestNG.runSuitesLocally(TestNG.java:1137)
  org.testng.TestNG.runSuites(TestNG.java:1049)
  org.testng.TestNG.run(TestNG.java:1017)
  org.testng.remote.AbstractRemoteTestNG.run(AbstractRemoteTestNG.java:114)
  org.testng.remote.RemoteTestNG.initAndRun(RemoteTestNG.java:251)
  org.testng.remote.RemoteTestNG.main(RemoteTestNG.java:77)
]]>
      </failure>

          </testcase>
            <testcase name="findingMissingFields" time="8.667" classname="caseOfTest.MissingFieldsTest">
                <failure type="java.lang.StringIndexOutOfBoundsException"
                  message="String index out of range: 68"
              >
<![CDATA[java.lang.StringIndexOutOfBoundsException: String index out of range: 68
  java.lang.String.substring(Unknown Source)
  caseOfTest.MissingFieldsTest.findingMissingFields(MissingFieldsTest.java:358)
  sun.reflect.NativeMethodAccessorImpl.invoke0(Native Method)
  sun.reflect.NativeMethodAccessorImpl.invoke(Unknown Source)
  sun.reflect.DelegatingMethodAccessorImpl.invoke(Unknown Source)
  java.lang.reflect.Method.invoke(Unknown Source)
  org.testng.internal.MethodInvocationHelper.invokeMethod(MethodInvocationHelper.java:124)
  org.testng.internal.Invoker.invokeMethod(Invoker.java:580)
  org.testng.internal.Invoker.invokeTestMethod(Invoker.java:716)
  org.testng.internal.Invoker.invokeTestMethods(Invoker.java:988)
  org.testng.internal.TestMethodWorker.invokeTestMethods(TestMethodWorker.java:125)
  org.testng.internal.TestMethodWorker.run(TestMethodWorker.java:109)
  org.testng.TestRunner.privateRun(TestRunner.java:648)
  org.testng.TestRunner.run(TestRunner.java:505)
  org.testng.SuiteRunner.runTest(SuiteRunner.java:455)
  org.testng.SuiteRunner.runSequentially(SuiteRunner.java:450)
  org.testng.SuiteRunner.privateRun(SuiteRunner.java:415)
  org.testng.SuiteRunner.run(SuiteRunner.java:364)
  org.testng.SuiteRunnerWorker.runSuite(SuiteRunnerWorker.java:52)
  org.testng.SuiteRunnerWorker.run(SuiteRunnerWorker.java:84)
  org.testng.TestNG.runSuitesSequentially(TestNG.java:1208)
  org.testng.TestNG.runSuitesLocally(TestNG.java:1137)
  org.testng.TestNG.runSuites(TestNG.java:1049)
  org.testng.TestNG.run(TestNG.java:1017)
  org.testng.remote.AbstractRemoteTestNG.run(AbstractRemoteTestNG.java:114)
  org.testng.remote.RemoteTestNG.initAndRun(RemoteTestNG.java:251)
  org.testng.remote.RemoteTestNG.main(RemoteTestNG.java:77)
]]>
      </failure>

          </testcase>
            <testcase name="findingMissingFields" time="8.320" classname="caseOfTest.MissingFieldsTest">
                <failure type="java.lang.StringIndexOutOfBoundsException"
                  message="String index out of range: 63"
              >
<![CDATA[java.lang.StringIndexOutOfBoundsException: String index out of range: 63
  java.lang.String.substring(Unknown Source)
  caseOfTest.MissingFieldsTest.findingMissingFields(MissingFieldsTest.java:358)
  sun.reflect.GeneratedMethodAccessor37.invoke(Unknown Source)
  sun.reflect.DelegatingMethodAccessorImpl.invoke(Unknown Source)
  java.lang.reflect.Method.invoke(Unknown Source)
  org.testng.internal.MethodInvocationHelper.invokeMethod(MethodInvocationHelper.java:124)
  org.testng.internal.Invoker.invokeMethod(Invoker.java:580)
  org.testng.internal.Invoker.invokeTestMethod(Invoker.java:716)
  org.testng.internal.Invoker.invokeTestMethods(Invoker.java:988)
  org.testng.internal.TestMethodWorker.invokeTestMethods(TestMethodWorker.java:125)
  org.testng.internal.TestMethodWorker.run(TestMethodWorker.java:109)
  org.testng.TestRunner.privateRun(TestRunner.java:648)
  org.testng.TestRunner.run(TestRunner.java:505)
  org.testng.SuiteRunner.runTest(SuiteRunner.java:455)
  org.testng.SuiteRunner.runSequentially(SuiteRunner.java:450)
  org.testng.SuiteRunner.privateRun(SuiteRunner.java:415)
  org.testng.SuiteRunner.run(SuiteRunner.java:364)
  org.testng.SuiteRunnerWorker.runSuite(SuiteRunnerWorker.java:52)
  org.testng.SuiteRunnerWorker.run(SuiteRunnerWorker.java:84)
  org.testng.TestNG.runSuitesSequentially(TestNG.java:1208)
  org.testng.TestNG.runSuitesLocally(TestNG.java:1137)
  org.testng.TestNG.runSuites(TestNG.java:1049)
  org.testng.TestNG.run(TestNG.java:1017)
  org.testng.remote.AbstractRemoteTestNG.run(AbstractRemoteTestNG.java:114)
  org.testng.remote.RemoteTestNG.initAndRun(RemoteTestNG.java:251)
  org.testng.remote.RemoteTestNG.main(RemoteTestNG.java:77)
]]>
      </failure>

          </testcase>
            <testcase name="findingMissingFields" time="43.002" classname="caseOfTest.MissingFieldsTest">
                <failure type="java.lang.StringIndexOutOfBoundsException"
                  message="String index out of range: 65"
              >
<![CDATA[java.lang.StringIndexOutOfBoundsException: String index out of range: 65
  java.lang.String.substring(Unknown Source)
  caseOfTest.MissingFieldsTest.findingMissingFields(MissingFieldsTest.java:358)
  sun.reflect.GeneratedMethodAccessor37.invoke(Unknown Source)
  sun.reflect.DelegatingMethodAccessorImpl.invoke(Unknown Source)
  java.lang.reflect.Method.invoke(Unknown Source)
  org.testng.internal.MethodInvocationHelper.invokeMethod(MethodInvocationHelper.java:124)
  org.testng.internal.Invoker.invokeMethod(Invoker.java:580)
  org.testng.internal.Invoker.invokeTestMethod(Invoker.java:716)
  org.testng.internal.Invoker.invokeTestMethods(Invoker.java:988)
  org.testng.internal.TestMethodWorker.invokeTestMethods(TestMethodWorker.java:125)
  org.testng.internal.TestMethodWorker.run(TestMethodWorker.java:109)
  org.testng.TestRunner.privateRun(TestRunner.java:648)
  org.testng.TestRunner.run(TestRunner.java:505)
  org.testng.SuiteRunner.runTest(SuiteRunner.java:455)
  org.testng.SuiteRunner.runSequentially(SuiteRunner.java:450)
  org.testng.SuiteRunner.privateRun(SuiteRunner.java:415)
  org.testng.SuiteRunner.run(SuiteRunner.java:364)
  org.testng.SuiteRunnerWorker.runSuite(SuiteRunnerWorker.java:52)
  org.testng.SuiteRunnerWorker.run(SuiteRunnerWorker.java:84)
  org.testng.TestNG.runSuitesSequentially(TestNG.java:1208)
  org.testng.TestNG.runSuitesLocally(TestNG.java:1137)
  org.testng.TestNG.runSuites(TestNG.java:1049)
  org.testng.TestNG.run(TestNG.java:1017)
  org.testng.remote.AbstractRemoteTestNG.run(AbstractRemoteTestNG.java:114)
  org.testng.remote.RemoteTestNG.initAndRun(RemoteTestNG.java:251)
  org.testng.remote.RemoteTestNG.main(RemoteTestNG.java:77)
]]>
      </failure>

          </testcase>
            <testcase name="findingMissingFields" time="4.002" classname="caseOfTest.MissingFieldsTest">
                <failure type="java.lang.NullPointerException"
                  message="(null)"
              >
<![CDATA[java.lang.NullPointerException
  caseOfTest.MissingFieldsTest.findingMissingFields(MissingFieldsTest.java:349)
  sun.reflect.GeneratedMethodAccessor37.invoke(Unknown Source)
  sun.reflect.DelegatingMethodAccessorImpl.invoke(Unknown Source)
  java.lang.reflect.Method.invoke(Unknown Source)
  org.testng.internal.MethodInvocationHelper.invokeMethod(MethodInvocationHelper.java:124)
  org.testng.internal.Invoker.invokeMethod(Invoker.java:580)
  org.testng.internal.Invoker.invokeTestMethod(Invoker.java:716)
  org.testng.internal.Invoker.invokeTestMethods(Invoker.java:988)
  org.testng.internal.TestMethodWorker.invokeTestMethods(TestMethodWorker.java:125)
  org.testng.internal.TestMethodWorker.run(TestMethodWorker.java:109)
  org.testng.TestRunner.privateRun(TestRunner.java:648)
  org.testng.TestRunner.run(TestRunner.java:505)
  org.testng.SuiteRunner.runTest(SuiteRunner.java:455)
  org.testng.SuiteRunner.runSequentially(SuiteRunner.java:450)
  org.testng.SuiteRunner.privateRun(SuiteRunner.java:415)
  org.testng.SuiteRunner.run(SuiteRunner.java:364)
  org.testng.SuiteRunnerWorker.runSuite(SuiteRunnerWorker.java:52)
  org.testng.SuiteRunnerWorker.run(SuiteRunnerWorker.java:84)
  org.testng.TestNG.runSuitesSequentially(TestNG.java:1208)
  org.testng.TestNG.runSuitesLocally(TestNG.java:1137)
  org.testng.TestNG.runSuites(TestNG.java:1049)
  org.testng.TestNG.run(TestNG.java:1017)
  org.testng.remote.AbstractRemoteTestNG.run(AbstractRemoteTestNG.java:114)
  org.testng.remote.RemoteTestNG.initAndRun(RemoteTestNG.java:251)
  org.testng.remote.RemoteTestNG.main(RemoteTestNG.java:77)
]]>
      </failure>

          </testcase>
            <testcase name="findingMissingFields" time="38.402" classname="caseOfTest.MissingFieldsTest">
                <failure type="java.lang.StringIndexOutOfBoundsException"
                  message="String index out of range: 67"
              >
<![CDATA[java.lang.StringIndexOutOfBoundsException: String index out of range: 67
  java.lang.String.substring(Unknown Source)
  caseOfTest.MissingFieldsTest.findingMissingFields(MissingFieldsTest.java:358)
  sun.reflect.GeneratedMethodAccessor37.invoke(Unknown Source)
  sun.reflect.DelegatingMethodAccessorImpl.invoke(Unknown Source)
  java.lang.reflect.Method.invoke(Unknown Source)
  org.testng.internal.MethodInvocationHelper.invokeMethod(MethodInvocationHelper.java:124)
  org.testng.internal.Invoker.invokeMethod(Invoker.java:580)
  org.testng.internal.Invoker.invokeTestMethod(Invoker.java:716)
  org.testng.internal.Invoker.invokeTestMethods(Invoker.java:988)
  org.testng.internal.TestMethodWorker.invokeTestMethods(TestMethodWorker.java:125)
  org.testng.internal.TestMethodWorker.run(TestMethodWorker.java:109)
  org.testng.TestRunner.privateRun(TestRunner.java:648)
  org.testng.TestRunner.run(TestRunner.java:505)
  org.testng.SuiteRunner.runTest(SuiteRunner.java:455)
  org.testng.SuiteRunner.runSequentially(SuiteRunner.java:450)
  org.testng.SuiteRunner.privateRun(SuiteRunner.java:415)
  org.testng.SuiteRunner.run(SuiteRunner.java:364)
  org.testng.SuiteRunnerWorker.runSuite(SuiteRunnerWorker.java:52)
  org.testng.SuiteRunnerWorker.run(SuiteRunnerWorker.java:84)
  org.testng.TestNG.runSuitesSequentially(TestNG.java:1208)
  org.testng.TestNG.runSuitesLocally(TestNG.java:1137)
  org.testng.TestNG.runSuites(TestNG.java:1049)
  org.testng.TestNG.run(TestNG.java:1017)
  org.testng.remote.AbstractRemoteTestNG.run(AbstractRemoteTestNG.java:114)
  org.testng.remote.RemoteTestNG.initAndRun(RemoteTestNG.java:251)
  org.testng.remote.RemoteTestNG.main(RemoteTestNG.java:77)
]]>
      </failure>

          </testcase>
  
  
            <testcase name="findingMissingFields" time="9.739" classname="caseOfTest.MissingFieldsTest" />
                <testcase name="findingMissingFields" time="38.611" classname="caseOfTest.MissingFieldsTest" />
                <testcase name="findingMissingFields" time="39.010" classname="caseOfTest.MissingFieldsTest" />
                <testcase name="findingMissingFields" time="8.472" classname="caseOfTest.MissingFieldsTest" />
                <testcase name="retrieveQuote" time="90.031" classname="caseOfTest.MissingFieldsTest" />
                <testcase name="findingMissingFields" time="8.631" classname="caseOfTest.MissingFieldsTest" />
                <testcase name="findingMissingFields" time="38.460" classname="caseOfTest.MissingFieldsTest" />
                <testcase name="loginCheck" time="11.442" classname="caseOfTest.MissingFieldsTest" />
                <testcase name="findingMissingFields" time="8.516" classname="caseOfTest.MissingFieldsTest" />
                <testcase name="findingMissingFields" time="8.341" classname="caseOfTest.MissingFieldsTest" />
                <testcase name="findingMissingFields" time="214.852" classname="caseOfTest.MissingFieldsTest" />
                <testcase name="findingMissingFields" time="8.655" classname="caseOfTest.MissingFieldsTest" />
                <testcase name="findingMissingFields" time="38.610" classname="caseOfTest.MissingFieldsTest" />
                <testcase name="findingMissingFields" time="38.966" classname="caseOfTest.MissingFieldsTest" />
                <testcase name="findingMissingFields" time="38.568" classname="caseOfTest.MissingFieldsTest" />
                <testcase name="findingMissingFields" time="38.400" classname="caseOfTest.MissingFieldsTest" />
                <testcase name="findingMissingFields" time="9.676" classname="caseOfTest.MissingFieldsTest" />
                <testcase name="findingMissingFields" time="39.244" classname="caseOfTest.MissingFieldsTest" />
                <testcase name="findingMissingFields" time="38.551" classname="caseOfTest.MissingFieldsTest" />
                <testcase name="findingMissingFields" time="8.378" classname="caseOfTest.MissingFieldsTest" />
                <testcase name="findingMissingFields" time="8.765" classname="caseOfTest.MissingFieldsTest" />
                <testcase name="findingMissingFields" time="68.973" classname="caseOfTest.MissingFieldsTest" />
                <testcase name="findingMissingFields" time="8.736" classname="caseOfTest.MissingFieldsTest" />
                <testcase name="findingMissingFields" time="38.449" classname="caseOfTest.MissingFieldsTest" />
                <testcase name="findingMissingFields" time="8.647" classname="caseOfTest.MissingFieldsTest" />
                <testcase name="findingMissingFields" time="8.283" classname="caseOfTest.MissingFieldsTest" />
                <testcase name="findingMissingFields" time="38.448" classname="caseOfTest.MissingFieldsTest" />
                <testcase name="findingMissingFields" time="8.478" classname="caseOfTest.MissingFieldsTest" />
                <testcase name="findingMissingFields" time="8.640" classname="caseOfTest.MissingFieldsTest" />
                <testcase name="findingMissingFields" time="8.648" classname="caseOfTest.MissingFieldsTest" />
                <testcase name="findingMissingFields" time="38.404" classname="caseOfTest.MissingFieldsTest" />
      
</testsuite>
